<?xml version="1.0" encoding="UTF-8"?>
<!-- Generated by org.testng.reporters.JUnitXMLReporter -->
<testsuite ignored="1" hostname="DESKTOP-G5L9GGI" failures="0" tests="2" name="Default test" time="0.032" errors="0" timestamp="2021-02-03T02:42:09 PST">
  <testcase classname="CucumberPractise.CucumberPractise.AppTest" name="shouldAnswerWithTrue" time="0.005"/>
  <testcase classname="CucumberPractise.CucumberPractise.AppTest" name="testProperties" time="0.001"/>
  <testcase classname="CucumberPractise.CucumberPractise.AppTest" name="testProgram" time="0.0">
    <ignored/>
  </testcase> <!-- testProgram -->
</testsuite> <!-- Default test -->
