<?xml version="1.0" encoding="UTF-8"?>
<testng-results ignored="1" total="3" passed="2" failed="0" skipped="0">
  <reporter-output>
  </reporter-output>
  <suite started-at="2021-02-03T02:42:09 PST" name="Default suite" finished-at="2021-02-03T02:42:09 PST" duration-ms="32">
    <groups>
    </groups>
    <test started-at="2021-02-03T02:42:09 PST" name="Default test" finished-at="2021-02-03T02:42:09 PST" duration-ms="32">
      <class name="CucumberPractise.CucumberPractise.AppTest">
        <test-method signature="shouldAnswerWithTrue()[pri:0, instance:CucumberPractise.CucumberPractise.AppTest@5552768b]" started-at="2021-02-03T02:42:09 PST" name="shouldAnswerWithTrue" finished-at="2021-02-03T02:42:09 PST" duration-ms="5" status="PASS">
          <reporter-output>
          </reporter-output>
        </test-method> <!-- shouldAnswerWithTrue -->
        <test-method signature="testProperties()[pri:0, instance:CucumberPractise.CucumberPractise.AppTest@5552768b]" started-at="2021-02-03T02:42:09 PST" name="testProperties" finished-at="2021-02-03T02:42:09 PST" duration-ms="1" status="PASS">
          <reporter-output>
          </reporter-output>
        </test-method> <!-- testProperties -->
      </class> <!-- CucumberPractise.CucumberPractise.AppTest -->
    </test> <!-- Default test -->
  </suite> <!-- Default suite -->
</testng-results>
